<?xml version="1.0" encoding="UTF-8"?>
<testsuite xmlns:xsi="http://www.w3.org/2001/XMLSchema-instance" xsi:noNamespaceSchemaLocation="https://maven.apache.org/surefire/maven-surefire-plugin/xsd/surefire-test-report.xsd" name="org.apache.maven.archetypes.labxpertproject.service.patientServiceTest" time="0.645" tests="5" errors="0" skipped="0" failures="0">
  <properties>
[...]
</properties>
  <testcase name="test_getPatientById" classname="org.apache.maven.archetypes.labxpertproject.service.patientServiceTest" time="0.185"/>
  <testcase name="test_deletePatient" classname="org.apache.maven.archetypes.labxpertproject.service.patientServiceTest" time="0.052"/>
  <testcase name="test_getAllPatients" classname="org.apache.maven.archetypes.labxpertproject.service.patientServiceTest" time="0.313"/>
  <testcase name="test_addPatient" classname="org.apache.maven.archetypes.labxpertproject.service.patientServiceTest" time="0.028"/>
  <testcase name="test_updatePatient" classname="org.apache.maven.archetypes.labxpertproject.service.patientServiceTest" time="0.035"/>
</testsuite>